<?xml version="1.0" encoding="UTF-8"?>
<!-- Generated by org.testng.reporters.JUnitXMLReporter -->
<testsuite ignored="0" hostname="ILAPO-22-1543" failures="0" tests="2" name="Error Validation Test " time="37.519" errors="0" timestamp="2024-09-26T09:57:36 IST">
  <testcase classname="KanhaFrameworkDesign.tests.ErrorValidationTest" name="loginErrorValidation" time="1.57"/>
  <testcase classname="KanhaFrameworkDesign.tests.ErrorValidationTest" name="productErrorValidation" time="11.273"/>
</testsuite> <!-- Error Validation Test  -->
