<?xml version="1.0" encoding="UTF-8"?>
<testng-results ignored="0" total="1" passed="1" failed="0" skipped="0">
  <reporter-output>
  </reporter-output>
  <suite started-at="2024-09-23T15:18:06 IST" name="Default suite" finished-at="2024-09-23T15:18:12 IST" duration-ms="6255">
    <groups>
    </groups>
    <test started-at="2024-09-23T15:18:06 IST" name="Default test" finished-at="2024-09-23T15:18:12 IST" duration-ms="6255">
      <class name="Kanha.ExtentReport.ExtentReportDemo">
        <test-method is-config="true" signature="config()[pri:0, instance:Kanha.ExtentReport.ExtentReportDemo@82de64a]" started-at="2024-09-23T15:18:06 IST" name="config" finished-at="2024-09-23T15:18:06 IST" duration-ms="279" status="PASS">
          <reporter-output>
          </reporter-output>
        </test-method> <!-- config -->
        <test-method signature="initialDemo()[pri:0, instance:Kanha.ExtentReport.ExtentReportDemo@82de64a]" started-at="2024-09-23T15:18:06 IST" name="initialDemo" finished-at="2024-09-23T15:18:12 IST" duration-ms="5952" status="PASS">
          <reporter-output>
          </reporter-output>
        </test-method> <!-- initialDemo -->
      </class> <!-- Kanha.ExtentReport.ExtentReportDemo -->
    </test> <!-- Default test -->
  </suite> <!-- Default suite -->
</testng-results>
