<?xml version="1.0" encoding="UTF-8"?>
<testng-results ignored="0" total="1" passed="1" failed="0" skipped="0">
  <reporter-output>
  </reporter-output>
  <suite started-at="2024-08-06T14:56:35 IST" name="Default suite" finished-at="2024-08-06T14:56:40 IST" duration-ms="5016">
    <groups>
    </groups>
    <test started-at="2024-08-06T14:56:35 IST" name="Default test" finished-at="2024-08-06T14:56:40 IST" duration-ms="5016">
      <class name="ExtentReport.ExtentReportDemo">
        <test-method is-config="true" signature="config()[pri:0, instance:ExtentReport.ExtentReportDemo@1530c739]" started-at="2024-08-06T14:56:35 IST" name="config" finished-at="2024-08-06T14:56:35 IST" duration-ms="233" status="PASS">
          <reporter-output>
          </reporter-output>
        </test-method> <!-- config -->
        <test-method signature="initialDemo()[pri:0, instance:ExtentReport.ExtentReportDemo@1530c739]" started-at="2024-08-06T14:56:35 IST" name="initialDemo" finished-at="2024-08-06T14:56:40 IST" duration-ms="4753" status="PASS">
          <reporter-output>
          </reporter-output>
        </test-method> <!-- initialDemo -->
      </class> <!-- ExtentReport.ExtentReportDemo -->
    </test> <!-- Default test -->
  </suite> <!-- Default suite -->
</testng-results>
