<?xml version="1.0" encoding="UTF-8"?>
<!-- Generated by org.testng.reporters.JUnitXMLReporter -->
<testsuite ignored="0" hostname="ILAPO-22-1543" failures="0" tests="2" name="Error Validation Test " time="16.719" errors="0" timestamp="2024-10-11T14:38:30 IST">
  <testcase classname="KanhaFrameworkDesign.tests.ErrorValidationTest" name="loginErrorValidation" time="1.536"/>
  <testcase classname="KanhaFrameworkDesign.tests.ErrorValidationTest" name="productErrorValidation" time="8.647"/>
</testsuite> <!-- Error Validation Test  -->
