<?xml version="1.0" encoding="UTF-8"?>
<testng-results ignored="0" total="2" passed="2" failed="0" skipped="0">
  <reporter-output>
  </reporter-output>
  <suite started-at="2024-09-25T15:29:17 IST" name="Suite" finished-at="2024-09-25T15:29:29 IST" duration-ms="11870">
    <groups>
      <group name="ErrorHandling">
        <method signature="ErrorValidationTest.loginErrorValidation()[pri:0, instance:KanhaFrameworkDesign.tests.ErrorValidationTest@57db2b13]" name="loginErrorValidation" class="KanhaFrameworkDesign.tests.ErrorValidationTest"/>
      </group> <!-- ErrorHandling -->
      <group name="Purchase">
        <method signature="SampleTest.submitOrder(java.util.HashMap)[pri:0, instance:KanhaFrameworkDesign.tests.SampleTest@548a24a]" name="submitOrder" class="KanhaFrameworkDesign.tests.SampleTest"/>
      </group> <!-- Purchase -->
    </groups>
    <test started-at="2024-09-25T15:29:17 IST" name="Base Test " finished-at="2024-09-25T15:29:17 IST" duration-ms="11">
    </test> <!-- Base Test  -->
    <test started-at="2024-09-25T15:29:17 IST" name="Error Validation Test " finished-at="2024-09-25T15:29:29 IST" duration-ms="11870">
      <class name="KanhaFrameworkDesign.tests.ErrorValidationTest">
        <test-method is-config="true" signature="launchApplication()[pri:0, instance:KanhaFrameworkDesign.tests.ErrorValidationTest@57db2b13]" started-at="2024-09-25T15:29:17 IST" name="launchApplication" finished-at="2024-09-25T15:29:24 IST" duration-ms="6283" status="PASS">
          <reporter-output>
          </reporter-output>
        </test-method> <!-- launchApplication -->
        <test-method signature="loginErrorValidation()[pri:0, instance:KanhaFrameworkDesign.tests.ErrorValidationTest@57db2b13]" started-at="2024-09-25T15:29:24 IST" name="loginErrorValidation" finished-at="2024-09-25T15:29:24 IST" duration-ms="764" status="PASS">
          <reporter-output>
          </reporter-output>
        </test-method> <!-- loginErrorValidation -->
        <test-method is-config="true" signature="tearDown()[pri:0, instance:KanhaFrameworkDesign.tests.ErrorValidationTest@57db2b13]" started-at="2024-09-25T15:29:24 IST" name="tearDown" finished-at="2024-09-25T15:29:25 IST" duration-ms="170" status="PASS">
          <reporter-output>
          </reporter-output>
        </test-method> <!-- tearDown -->
        <test-method is-config="true" signature="launchApplication()[pri:0, instance:KanhaFrameworkDesign.tests.ErrorValidationTest@57db2b13]" started-at="2024-09-25T15:29:25 IST" name="launchApplication" finished-at="2024-09-25T15:29:27 IST" duration-ms="2301" status="PASS">
          <reporter-output>
          </reporter-output>
        </test-method> <!-- launchApplication -->
        <test-method signature="productErrorValidation()[pri:0, instance:KanhaFrameworkDesign.tests.ErrorValidationTest@57db2b13]" started-at="2024-09-25T15:29:27 IST" name="productErrorValidation" finished-at="2024-09-25T15:29:29 IST" duration-ms="2209" status="PASS">
          <reporter-output>
          </reporter-output>
        </test-method> <!-- productErrorValidation -->
        <test-method is-config="true" signature="tearDown()[pri:0, instance:KanhaFrameworkDesign.tests.ErrorValidationTest@57db2b13]" started-at="2024-09-25T15:29:29 IST" name="tearDown" finished-at="2024-09-25T15:29:29 IST" duration-ms="86" status="PASS">
          <reporter-output>
          </reporter-output>
        </test-method> <!-- tearDown -->
      </class> <!-- KanhaFrameworkDesign.tests.ErrorValidationTest -->
    </test> <!-- Error Validation Test  -->
  </suite> <!-- Suite -->
</testng-results>
