<?xml version="1.0" encoding="UTF-8"?>
<testng-results ignored="0" total="2" passed="2" failed="0" skipped="0">
  <reporter-output>
  </reporter-output>
  <suite started-at="2024-10-10T19:30:44 IST" name="Suite" finished-at="2024-10-10T19:31:05 IST" duration-ms="20799">
    <groups>
      <group name="ErrorHandling">
        <method signature="ErrorValidationTest.loginErrorValidation()[pri:0, instance:KanhaFrameworkDesign.tests.ErrorValidationTest@1b66c0fb]" name="loginErrorValidation" class="KanhaFrameworkDesign.tests.ErrorValidationTest"/>
      </group> <!-- ErrorHandling -->
      <group name="Purchase">
        <method signature="SampleTest.submitOrder(java.util.HashMap)[pri:0, instance:KanhaFrameworkDesign.tests.SampleTest@4201c465]" name="submitOrder" class="KanhaFrameworkDesign.tests.SampleTest"/>
      </group> <!-- Purchase -->
    </groups>
    <test started-at="2024-10-10T19:30:44 IST" name="Base Test " finished-at="2024-10-10T19:30:44 IST" duration-ms="11">
    </test> <!-- Base Test  -->
    <test started-at="2024-10-10T19:30:44 IST" name="Error Validation Test " finished-at="2024-10-10T19:31:05 IST" duration-ms="20799">
      <class name="KanhaFrameworkDesign.tests.ErrorValidationTest">
        <test-method is-config="true" signature="launchApplication()[pri:0, instance:KanhaFrameworkDesign.tests.ErrorValidationTest@1b66c0fb]" started-at="2024-10-10T19:30:44 IST" name="launchApplication" finished-at="2024-10-10T19:30:52 IST" duration-ms="8494" status="PASS">
          <reporter-output>
          </reporter-output>
        </test-method> <!-- launchApplication -->
        <test-method signature="loginErrorValidation()[pri:0, instance:KanhaFrameworkDesign.tests.ErrorValidationTest@1b66c0fb]" started-at="2024-10-10T19:30:52 IST" name="loginErrorValidation" finished-at="2024-10-10T19:30:53 IST" duration-ms="696" status="PASS">
          <reporter-output>
          </reporter-output>
        </test-method> <!-- loginErrorValidation -->
        <test-method is-config="true" signature="tearDown()[pri:0, instance:KanhaFrameworkDesign.tests.ErrorValidationTest@1b66c0fb]" started-at="2024-10-10T19:30:53 IST" name="tearDown" finished-at="2024-10-10T19:30:54 IST" duration-ms="667" status="PASS">
          <reporter-output>
          </reporter-output>
        </test-method> <!-- tearDown -->
        <test-method is-config="true" signature="launchApplication()[pri:0, instance:KanhaFrameworkDesign.tests.ErrorValidationTest@1b66c0fb]" started-at="2024-10-10T19:30:54 IST" name="launchApplication" finished-at="2024-10-10T19:30:56 IST" duration-ms="1955" status="PASS">
          <reporter-output>
          </reporter-output>
        </test-method> <!-- launchApplication -->
        <test-method signature="productErrorValidation()[pri:0, instance:KanhaFrameworkDesign.tests.ErrorValidationTest@1b66c0fb]" started-at="2024-10-10T19:30:56 IST" name="productErrorValidation" finished-at="2024-10-10T19:31:04 IST" duration-ms="8768" status="PASS">
          <reporter-output>
          </reporter-output>
        </test-method> <!-- productErrorValidation -->
        <test-method is-config="true" signature="tearDown()[pri:0, instance:KanhaFrameworkDesign.tests.ErrorValidationTest@1b66c0fb]" started-at="2024-10-10T19:31:04 IST" name="tearDown" finished-at="2024-10-10T19:31:05 IST" duration-ms="167" status="PASS">
          <reporter-output>
          </reporter-output>
        </test-method> <!-- tearDown -->
      </class> <!-- KanhaFrameworkDesign.tests.ErrorValidationTest -->
    </test> <!-- Error Validation Test  -->
  </suite> <!-- Suite -->
</testng-results>
